2024-11-20 12:14:29 [main] UserTests INFO  api.test.UserTests - *****************Creating user ***********************
2024-11-20 12:14:34 [main] UserTests INFO  api.test.UserTests - *****************User Created***********************
2024-11-20 12:14:34 [main] UserTests INFO  api.test.UserTests - *****************Reading user Info *************************
2024-11-20 12:14:35 [main] UserTests INFO  api.test.UserTests - *****************User info is displayed *************************
2024-11-20 12:14:35 [main] UserTests INFO  api.test.UserTests - *****************Update user *************************
2024-11-20 12:14:38 [main] UserTests INFO  api.test.UserTests - *****************Updated user *************************
2024-11-20 12:14:38 [main] UserTests INFO  api.test.UserTests - *****************Delete user *************************
2024-11-20 12:14:39 [main] UserTests INFO  api.test.UserTests - *****************Deleted user *************************
2024-11-20 16:55:59 [main] UserTests INFO  api.test.UserTests - *****************Creating user ***********************
2024-11-20 16:56:05 [main] UserTests INFO  api.test.UserTests - *****************User Created***********************
2024-11-20 16:56:05 [main] UserTests INFO  api.test.UserTests - *****************Reading user Info *************************
2024-11-20 16:56:07 [main] UserTests INFO  api.test.UserTests - *****************User info is displayed *************************
2024-11-20 16:56:07 [main] UserTests INFO  api.test.UserTests - *****************Update user *************************
2024-11-20 16:56:12 [main] UserTests INFO  api.test.UserTests - *****************Updated user *************************
2024-11-20 16:56:12 [main] UserTests INFO  api.test.UserTests - *****************Delete user *************************
2024-11-20 16:56:14 [main] UserTests INFO  api.test.UserTests - *****************Deleted user *************************
2024-11-20 16:56:14 [main] UserTests2 INFO  api.test.UserTests2 - *****************Creating user ***********************
2024-11-20 16:56:16 [main] UserTests2 INFO  api.test.UserTests2 - *****************User Created***********************
2024-11-20 16:56:17 [main] UserTests2 INFO  api.test.UserTests2 - *****************Reading user Info *************************
2024-11-20 16:56:19 [main] UserTests2 INFO  api.test.UserTests2 - *****************User info is displayed *************************
2024-11-20 16:56:19 [main] UserTests2 INFO  api.test.UserTests2 - *****************Update user *************************
2024-11-20 16:56:23 [main] UserTests2 INFO  api.test.UserTests2 - *****************Updated user *************************
2024-11-20 16:56:23 [main] UserTests2 INFO  api.test.UserTests2 - *****************Delete user *************************
2024-11-20 16:56:25 [main] UserTests2 INFO  api.test.UserTests2 - *****************Deleted user *************************
2024-11-21 11:01:33 [main] UserTests INFO  api.test.UserTests - *****************Creating user ***********************
2024-11-21 11:01:38 [main] UserTests INFO  api.test.UserTests - *****************User Created***********************
2024-11-21 11:01:38 [main] UserTests INFO  api.test.UserTests - *****************Reading user Info *************************
2024-11-21 11:01:39 [main] UserTests INFO  api.test.UserTests - *****************User info is displayed *************************
2024-11-21 11:01:39 [main] UserTests INFO  api.test.UserTests - *****************Update user *************************
2024-11-21 11:01:42 [main] UserTests INFO  api.test.UserTests - *****************Updated user *************************
2024-11-21 11:01:42 [main] UserTests INFO  api.test.UserTests - *****************Delete user *************************
2024-11-21 11:01:43 [main] UserTests INFO  api.test.UserTests - *****************Deleted user *************************
2024-11-21 11:06:24 [main] UserTests INFO  api.test.UserTests - *****************Creating user ***********************
2024-11-21 11:06:27 [main] UserTests INFO  api.test.UserTests - *****************User Created***********************
2024-11-21 11:06:27 [main] UserTests INFO  api.test.UserTests - *****************Reading user Info *************************
2024-11-21 11:06:28 [main] UserTests INFO  api.test.UserTests - *****************User info is displayed *************************
2024-11-21 11:06:29 [main] UserTests INFO  api.test.UserTests - *****************Update user *************************
2024-11-21 11:06:31 [main] UserTests INFO  api.test.UserTests - *****************Updated user *************************
2024-11-21 11:06:31 [main] UserTests INFO  api.test.UserTests - *****************Delete user *************************
2024-11-21 11:06:32 [main] UserTests INFO  api.test.UserTests - *****************Deleted user *************************
2024-11-21 11:07:39 [main] UserTests INFO  api.test.UserTests - *****************Creating user ***********************
2024-11-21 11:07:43 [main] UserTests INFO  api.test.UserTests - *****************User Created***********************
2024-11-21 11:07:43 [main] UserTests INFO  api.test.UserTests - *****************Reading user Info *************************
2024-11-21 11:07:44 [main] UserTests INFO  api.test.UserTests - *****************User info is displayed *************************
2024-11-21 11:07:44 [main] UserTests INFO  api.test.UserTests - *****************Update user *************************
2024-11-21 11:07:47 [main] UserTests INFO  api.test.UserTests - *****************Updated user *************************
2024-11-21 11:07:47 [main] UserTests INFO  api.test.UserTests - *****************Delete user *************************
2024-11-21 11:07:48 [main] UserTests INFO  api.test.UserTests - *****************Deleted user *************************
2024-11-21 11:08:09 [main] UserTests INFO  api.test.UserTests - *****************Creating user ***********************
2024-11-21 11:08:12 [main] UserTests INFO  api.test.UserTests - *****************User Created***********************
2024-11-21 11:08:12 [main] UserTests INFO  api.test.UserTests - *****************Reading user Info *************************
2024-11-21 11:08:13 [main] UserTests INFO  api.test.UserTests - *****************User info is displayed *************************
2024-11-21 11:08:13 [main] UserTests INFO  api.test.UserTests - *****************Update user *************************
2024-11-21 11:08:16 [main] UserTests INFO  api.test.UserTests - *****************Updated user *************************
2024-11-21 11:08:16 [main] UserTests INFO  api.test.UserTests - *****************Delete user *************************
2024-11-21 11:08:17 [main] UserTests INFO  api.test.UserTests - *****************Deleted user *************************
2024-11-21 11:16:42 [main] UserTests INFO  api.test.UserTests - *****************Creating user ***********************
2024-11-21 11:16:46 [main] UserTests INFO  api.test.UserTests - *****************User Created***********************
2024-11-21 11:16:46 [main] UserTests INFO  api.test.UserTests - *****************Reading user Info *************************
2024-11-21 11:16:48 [main] UserTests INFO  api.test.UserTests - *****************User info is displayed *************************
2024-11-21 11:16:48 [main] UserTests INFO  api.test.UserTests - *****************Update user *************************
2024-11-21 11:16:50 [main] UserTests INFO  api.test.UserTests - *****************Updated user *************************
2024-11-21 11:16:50 [main] UserTests INFO  api.test.UserTests - *****************Delete user *************************
2024-11-21 11:16:52 [main] UserTests INFO  api.test.UserTests - *****************Deleted user *************************
2024-11-21 11:17:22 [main] UserTests INFO  api.test.UserTests - *****************Creating user ***********************
2024-11-21 11:17:26 [main] UserTests INFO  api.test.UserTests - *****************User Created***********************
2024-11-21 11:17:26 [main] UserTests INFO  api.test.UserTests - *****************Reading user Info *************************
2024-11-21 11:17:27 [main] UserTests INFO  api.test.UserTests - *****************User info is displayed *************************
2024-11-21 11:17:27 [main] UserTests INFO  api.test.UserTests - *****************Update user *************************
2024-11-21 11:17:30 [main] UserTests INFO  api.test.UserTests - *****************Updated user *************************
2024-11-21 11:17:30 [main] UserTests INFO  api.test.UserTests - *****************Delete user *************************
2024-11-21 11:17:31 [main] UserTests INFO  api.test.UserTests - *****************Deleted user *************************
